Nvectensis.XP_032222198.1
Nvectensis.XP_032222994.1
Nvectensis.XP_032239590.1
Dgigantea.XP_028416784.1
Dgigantea.XP_028415829.1
Myessoensis.XP_021353531.1
Myessoensis.XP_021368379.1
Hsapiens.NP_000434.1
Dgigantea.XP_028400885.1
Hvulgaris.XP_002154484.3
Dgigantea.XP_028411671.1
Dgigantea.XP_028400829.1
Dgigantea.XP_028410024.1
Dgigantea.XP_028410025.1
Dgigantea.XP_028401686.1
Hvulgaris.XP_012562041.1
Hsapiens.NP_001335875.1
Hsapiens.NP_001157413.1
Dgigantea.XP_028407245.1
Myessoensis.XP_021367207.1
Hsapiens.NP_003733.2
Aplanci.XP_022083090.1
Aplanci.XP_022082997.1
Bbelcheri.XP_019635109.1
Bbelcheri.XP_019635106.1
